<?xml version="1.0" encoding="UTF-8"?>
<!-- Generated by org.testng.reporters.JUnitXMLReporter -->
<testsuite hostname="thirteenthjuly" ignored="0" name="Test" tests="1" failures="1" timestamp="01 Nov 2019 08:41:14 GMT" time="2.235" errors="0">
  <testcase name="testcase" time="2.204" classname="edurekaproject.FirstClass">
    <failure type="java.lang.AssertionError" message="The following asserts failed:
	All about page is not displayed">
      <![CDATA[java.lang.AssertionError: The following asserts failed:
	All about page is not displayed
	at edurekaproject.FirstClass.testcase(FirstClass.java:27)
... Removed 29 stack frames]]>
    </failure>
  </testcase> <!-- testcase -->
</testsuite> <!-- Test -->
